0 info it worked if it ends with ok
1 verbose cli [ '/Users/danielravina/.nvm/versions/node/v6.2.0/bin/node',
1 verbose cli   '/Users/danielravina/.nvm/versions/node/v6.2.0/bin/npm',
1 verbose cli   'start' ]
2 info using npm@3.10.8
3 info using node@v6.2.0
4 verbose run-script [ 'prestart', 'start', 'poststart' ]
5 info lifecycle headset-website@1.0.0~prestart: headset-website@1.0.0
6 silly lifecycle headset-website@1.0.0~prestart: no script for prestart, continuing
7 info lifecycle headset-website@1.0.0~start: headset-website@1.0.0
8 verbose lifecycle headset-website@1.0.0~start: unsafe-perm in lifecycle true
9 verbose lifecycle headset-website@1.0.0~start: PATH: /Users/danielravina/.nvm/versions/node/v6.2.0/lib/node_modules/npm/bin/node-gyp-bin:/Users/danielravina/code/headset-website/node_modules/.bin:/Library/Frameworks/Python.framework/Versions/3.5/bin:/Users/danielravina/google-cloud-sdk/bin:/opt/local/bin:/opt/local/sbin:/Users/danielravina/.nvm/versions/node/v6.2.0/bin:/Users/danielravina/.rbenv/shims:/usr/local/heroku/bin:/Applications/Postgres.app/Contents/Versions/latest/bin:/usr/local/bin:/usr/local/sbin:/usr/bin:/bin:/usr/sbin:/sbin:/Library/Frameworks/Python.framework/Versions/3.5/bin:/Users/danielravina/google-cloud-sdk/bin:/opt/local/bin:/opt/local/sbin:/Users/danielravina/.rbenv/shims:/usr/local/heroku/bin:/Applications/Postgres.app/Contents/Versions/latest/bin:/usr/local/bin:/usr/local/sbin:/usr/bin:/bin:/usr/sbin:/sbin:/Library/Frameworks/Python.framework/Versions/3.5/bin:/Users/danielravina/google-cloud-sdk/bin:/opt/local/bin:/opt/local/sbin:/Users/danielravina/.rbenv/shims:/usr/local/heroku/bin:/Applications/Postgres.app/Contents/Versions/latest/bin:/usr/local/bin:/usr/local/sbin:/usr/bin:/bin:/usr/sbin:/sbin:/Library/Frameworks/Python.framework/Versions/3.5/bin:/Users/danielravina/google-cloud-sdk/bin:/opt/local/bin:/opt/local/sbin:/Users/danielravina/.rbenv/shims:/usr/local/heroku/bin:/Applications/Postgres.app/Contents/Versions/latest/bin:/usr/local/bin:/usr/local/sbin:/usr/bin:/bin:/usr/sbin:/sbin:/Library/Frameworks/Python.framework/Versions/3.5/bin:/Users/danielravina/google-cloud-sdk/bin:/opt/local/bin:/opt/local/sbin:/Users/danielravina/.rbenv/shims:/usr/local/heroku/bin:/Applications/Postgres.app/Contents/Versions/latest/bin:/usr/local/bin:/usr/local/sbin:/usr/bin:/bin:/usr/sbin:/sbin:/Library/Frameworks/Python.framework/Versions/3.5/bin:/Users/danielravina/google-cloud-sdk/bin:/opt/local/bin:/opt/local/sbin:/Users/danielravina/.rbenv/shims:/usr/local/heroku/bin:/Applications/Postgres.app/Contents/Versions/latest/bin:/usr/local/bin:/usr/local/sbin:/usr/bin:/bin:/usr/sbin:/sbin:/usr/local/bin:/usr/bin:/bin:/usr/sbin:/sbin:/opt/X11/bin:/usr/local/MacGPG2/bin:/Users/danielravina/Android/sdk/tools:/Users/danielravina/Android/sdk/platform_tools:/Users/danielravina/Android/sdk/tools:/Users/danielravina/Android/sdk/platform_tools:/Users/danielravina/Android/sdk/tools:/Users/danielravina/Android/sdk/platform_tools:/Users/danielravina/Android/sdk/tools:/Users/danielravina/Android/sdk/platform_tools:/Users/danielravina/Android/sdk/tools:/Users/danielravina/Android/sdk/platform_tools:/Users/danielravina/Android/sdk/tools:/Users/danielravina/Android/sdk/platform_tools:/Users/danielravina/.nvm/versions/node/v6.2.0/bin
10 verbose lifecycle headset-website@1.0.0~start: CWD: /Users/danielravina/code/headset-website
11 silly lifecycle headset-website@1.0.0~start: Args: [ '-c',
11 silly lifecycle   'webpack-dev-server --config webpack.config.js --progress --colors --inline --hot --host 0.0.0.0' ]
12 silly lifecycle headset-website@1.0.0~start: Returned: code: 1  signal: null
13 info lifecycle headset-website@1.0.0~start: Failed to exec start script
14 verbose stack Error: headset-website@1.0.0 start: `webpack-dev-server --config webpack.config.js --progress --colors --inline --hot --host 0.0.0.0`
14 verbose stack Exit status 1
14 verbose stack     at EventEmitter.<anonymous> (/Users/danielravina/.nvm/versions/node/v6.2.0/lib/node_modules/npm/lib/utils/lifecycle.js:255:16)
14 verbose stack     at emitTwo (events.js:106:13)
14 verbose stack     at EventEmitter.emit (events.js:191:7)
14 verbose stack     at ChildProcess.<anonymous> (/Users/danielravina/.nvm/versions/node/v6.2.0/lib/node_modules/npm/lib/utils/spawn.js:40:14)
14 verbose stack     at emitTwo (events.js:106:13)
14 verbose stack     at ChildProcess.emit (events.js:191:7)
14 verbose stack     at maybeClose (internal/child_process.js:850:16)
14 verbose stack     at Process.ChildProcess._handle.onexit (internal/child_process.js:215:5)
15 verbose pkgid headset-website@1.0.0
16 verbose cwd /Users/danielravina/code/headset-website
17 error Darwin 15.6.0
18 error argv "/Users/danielravina/.nvm/versions/node/v6.2.0/bin/node" "/Users/danielravina/.nvm/versions/node/v6.2.0/bin/npm" "start"
19 error node v6.2.0
20 error npm  v3.10.8
21 error code ELIFECYCLE
22 error headset-website@1.0.0 start: `webpack-dev-server --config webpack.config.js --progress --colors --inline --hot --host 0.0.0.0`
22 error Exit status 1
23 error Failed at the headset-website@1.0.0 start script 'webpack-dev-server --config webpack.config.js --progress --colors --inline --hot --host 0.0.0.0'.
23 error Make sure you have the latest version of node.js and npm installed.
23 error If you do, this is most likely a problem with the headset-website package,
23 error not with npm itself.
23 error Tell the author that this fails on your system:
23 error     webpack-dev-server --config webpack.config.js --progress --colors --inline --hot --host 0.0.0.0
23 error You can get information on how to open an issue for this project with:
23 error     npm bugs headset-website
23 error Or if that isn't available, you can get their info via:
23 error     npm owner ls headset-website
23 error There is likely additional logging output above.
24 verbose exit [ 1, true ]
